Not Found: /static/revolution/css/settings.css
Not Found: /static/css/main.css
Not Found: /static/css/style.css
Not Found: /static/css/responsive.css
Not Found: /static/images/logo.png
Not Found: /static/images/ser-icon-1.png
Not Found: /static/images/ser-icon-2.png
Not Found: /static/images/ser-icon-3.png
Not Found: /static/images/main-icon-1.png
Not Found: /static/images/main-icon-2.png
Not Found: /static/images/main-icon-3.png
Not Found: /static/images/main-icon-4.png
Not Found: /static/images/main-icon-5.png
Not Found: /static/images/main-icon-6.png
Not Found: /static/images/post-img-1.jpg
Not Found: /static/images/post-img-2.jpg
Not Found: /static/images/post-img-3.jpg
Not Found: /static/images/icon-footer.png
Not Found: /static/js/jquery-1.12.4.min.js
Not Found: /static/js/bootstrap.min.js
Not Found: /static/js/own-menu.js
Not Found: /static/js/jquery.isotope.min.js
Not Found: /static/js/jquery.prettyPhoto.js
Not Found: /static/js/owl.carousel.min.js
Not Found: /static/revolution/js/jquery.themepunch.tools.min.js
Not Found: /static/revolution/js/jquery.themepunch.revolution.min.js%3Frev%3D5.0
Not Found: /static/revolution/js/extensions/revolution.extension.actions.min.js
Not Found: /static/revolution/js/extensions/revolution.extension.carousel.min.js
Not Found: /static/revolution/js/extensions/revolution.extension.kenburn.min.js
Not Found: /static/revolution/js/extensions/revolution.extension.layeranimation.min.js
Not Found: /static/revolution/js/extensions/revolution.extension.migration.min.js
Not Found: /static/revolution/js/extensions/revolution.extension.navigation.min.js
Not Found: /static/revolution/js/extensions/revolution.extension.parallax.min.js
Not Found: /static/revolution/js/extensions/revolution.extension.slideanims.min.js
Not Found: /static/revolution/js/extensions/revolution.extension.video.min.js
Not Found: /static/js/main.js
Not Found: /static/js/jquery-1.12.4.min.js
Not Found: /static/js/bootstrap.min.js
Not Found: /static/js/own-menu.js
Not Found: /static/js/jquery.isotope.min.js
Not Found: /static/js/jquery.prettyPhoto.js
Not Found: /static/js/owl.carousel.min.js
Not Found: /static/revolution/js/jquery.themepunch.tools.min.js
Not Found: /static/revolution/js/jquery.themepunch.revolution.min.js%3Frev%3D5.0
Not Found: /static/revolution/js/extensions/revolution.extension.actions.min.js
[UID:2069][3826652] Reached max children process limit: 6, extra: 2, current: 8, busy: 4, please increase LSAPI_CHILDREN.
Not Found: /static/revolution/css/layers.css
Not Found: /static/revolution/css/layers.css
[UID:2069][3826652] Reached max children process limit: 6, extra: 2, current: 8, busy: 8, please increase LSAPI_CHILDREN.
Not Found: /static/css/bootstrap.min.css
Not Found: /static/css/ionicons.min.css
Not Found: /static/revolution/css/navigation.css
Not Found: /static/css/font-awesome.min.css
Not Found: /static/css/ionicons.min.css
Not Found: /static/css/bootstrap.min.css
Not Found: /static/revolution/css/navigation.css
Not Found: /static/css/font-awesome.min.css
Not Found: /static/revolution/js/jquery.themepunch.revolution.min.js%3Frev%3D5.0
Not Found: /static/admin/css/base.css
Not Found: /static/admin/css/responsive.css
Not Found: /static/admin/css/dark_mode.css
Not Found: /static/admin/js/nav_sidebar.js
Not Found: /static/admin/css/dashboard.css
Not Found: /static/admin/css/nav_sidebar.css
Not Found: /static/revolution/js/jquery.themepunch.revolution.min.js%3Frev%3D5.0
Not Found: /static/revolution/js/jquery.themepunch.revolution.min.js%3Frev%3D5.0
Not Found: /static/revolution/js/jquery.themepunch.revolution.min.js%3Frev%3D5.0
Not Found: /favicon.ico
Not Found: /static/revolution/js/jquery.themepunch.revolution.min.js%3Frev%3D5.0
